Created Annotate38By - gene on localhost:27021
Created Annotate38By - gene_info on localhost:27021
Created rimod - gene_detail on localhost:27021
Created rimod - gene_summary on localhost:27021
Importing clinical annotation ../src/RiMod_master_sample_file.melt.tsv
get clinical info
starting SMALLRNA for smRNAseq.frontal.version1.tsv
initializing genes
initializing genes complete
opening smRNAseq.frontal.version1.tsv
gene:HSA-LET-7A-2-3P
gene:HSA-LET-7B-3P
gene:HSA-LET-7B-3P
gene:HSA-LET-7C-3P
gene:HSA-LET-7C-3P
gene:HSA-LET-7D-3P
gene:HSA-LET-7D-3P
gene:HSA-LET-7E-3P
gene:HSA-LET-7E-3P
gene:HSA-LET-7F-1-3P
gene:HSA-LET-7F-2-3P
gene:HSA-LET-7G-3P
gene:HSA-LET-7G-3P
gene:HSA-LET-7I-3P
gene:HSA-LET-7I-3P
gene:HSA-MIR-100-3P
gene:HSA-MIR-100-3P
gene:HSA-MIR-103A-2-3P
gene:HSA-MIR-106A-3P
gene:HSA-MIR-106A-3P
gene:HSA-MIR-106B-3P
gene:HSA-MIR-106B-3P
gene:MIR107
gene:HSA-MIR-10B-3P
gene:HSA-MIR-10B-3P
gene:HSA-MIR-1178-3P
gene:MIR1179
gene:HSA-MIR-1180-3P
gene:HSA-MIR-1180-3P
gene:HSA-MIR-1185-1-3P
gene:HSA-MIR-1185-2-3P
gene:MIR1193
gene:MIR1197
gene:HSA-MIR-1207-3P
gene:HSA-MIR-122-3P
gene:HSA-MIR-1224-3P
gene:HSA-MIR-1224-3P
gene:HSA-MIR-1225-3P
gene:HSA-MIR-1225-3P
gene:HSA-MIR-1226-3P
gene:HSA-MIR-1226-3P
gene:HSA-MIR-1227-3P
gene:HSA-MIR-1228-3P
gene:HSA-MIR-1228-3P
gene:HSA-MIR-1229-3P
gene:HSA-MIR-1229-3P
gene:MIR1231
gene:HSA-MIR-1233-3P
gene:HSA-MIR-1233-3P
gene:HSA-MIR-1234-3P
gene:HSA-MIR-1236-3P
gene:HSA-MIR-1236-3P
gene:HSA-MIR-1237-3P
gene:HSA-MIR-1237-3P
gene:HSA-MIR-1238-3P
gene:HSA-MIR-1238-3P
gene:MIR1243
gene:MIR1244-1
gene:HSA-MIR-1245B-3P
gene:MIR1246
gene:HSA-MIR-1247-3P
gene:HSA-MIR-1247-3P
gene:MIR1248
gene:HSA-MIR-1249-3P
gene:HSA-MIR-1249-3P
gene:HSA-MIR-1250-3P
gene:HSA-MIR-1250-3P
gene:HSA-MIR-1251-3P
gene:HSA-MIR-1251-3P
gene:HSA-MIR-1252-3P
gene:HSA-MIR-1252-3P
gene:MIR1253
gene:MIR1254-1
gene:MIR1255A
gene:MIR1256
gene:MIR1258
gene:HSA-MIR-125A-3P
gene:HSA-MIR-125A-3P
gene:HSA-MIR-125B-1-3P
gene:HSA-MIR-125B-2-3P
gene:MIR1260B
gene:MIR1262
gene:HSA-MIR-126-3P
gene:MIR1264
gene:HSA-MIR-126-3P
gene:HSA-MIR-1266-3P
gene:HSA-MIR-1266-3P
gene:MIR1267
gene:MIR1268B
gene:MIR1269B
gene:MIR1270
gene:HSA-MIR-1271-3P
gene:HSA-MIR-1271-3P
gene:MIR1273C
gene:MIR1273D
gene:MIR1273F
gene:HSA-MIR-1273G-3P
gene:HSA-MIR-1273G-3P
gene:HSA-MIR-1273H-3P
gene:HSA-MIR-1273H-3P
gene:HSA-MIR-127-3P
gene:MIR1275
gene:HSA-MIR-127-3P
gene:MIR1276
gene:HSA-MIR-1277-3P
gene:HSA-MIR-1277-3P
gene:MIR1278
gene:MIR1281
gene:HSA-MIR-128-1-3P
gene:MIR1282
gene:HSA-MIR-128-2-3P
gene:MIR1284
gene:MIR1286
gene:HSA-MIR-1287-3P
gene:HSA-MIR-1287-3P
gene:HSA-MIR-1288-3P
gene:HSA-MIR-1288-3P
gene:MIR1291
gene:HSA-MIR-129-1-3P
gene:HSA-MIR-129-2-3P
gene:HSA-MIR-1292-3P
gene:HSA-MIR-1292-3P
gene:MIR1294
gene:HSA-MIR-1296-3P
gene:HSA-MIR-1296-3P
gene:HSA-MIR-1298-3P
gene:HSA-MIR-1298-3P
gene:MIR1299
gene:HSA-MIR-1301-3P
gene:HSA-MIR-1301-3P
gene:MIR1303
gene:HSA-MIR-1304-3P
gene:HSA-MIR-1304-3P
gene:MIR1305
gene:HSA-MIR-1306-3P
gene:HSA-MIR-1306-3P
gene:HSA-MIR-1307-3P
gene:HSA-MIR-1307-3P
gene:HSA-MIR-130A-3P
gene:HSA-MIR-130A-3P
gene:HSA-MIR-130B-3P
gene:HSA-MIR-130B-3P
gene:MIR1322
gene:MIR1323
gene:HSA-MIR-132-3P
gene:MIR1324
gene:HSA-MIR-132-3P
gene:HSA-MIR-1343-3P
gene:HSA-MIR-1343-3P
gene:HSA-MIR-134-3P
gene:HSA-MIR-134-3P
gene:HSA-MIR-135B-3P
gene:HSA-MIR-135B-3P
gene:HSA-MIR-136-3P
gene:HSA-MIR-136-3P
gene:MIR137
gene:HSA-MIR-138-1-3P
gene:HSA-MIR-138-2-3P
gene:HSA-MIR-139-3P
gene:HSA-MIR-139-3P
gene:HSA-MIR-140-3P
gene:HSA-MIR-140-3P
gene:HSA-MIR-141-3P
gene:HSA-MIR-141-3P
gene:HSA-MIR-142-3P
gene:HSA-MIR-142-3P
gene:HSA-MIR-143-3P
gene:HSA-MIR-143-3P
gene:HSA-MIR-144-3P
gene:HSA-MIR-144-3P
gene:HSA-MIR-145-3P
gene:HSA-MIR-145-3P
gene:HSA-MIR-1468-3P
gene:MIR1469
gene:HSA-MIR-146B-3P
gene:HSA-MIR-146B-3P
gene:MIR147B
gene:HSA-MIR-148A-3P
gene:HSA-MIR-148A-3P
gene:HSA-MIR-148B-3P
gene:HSA-MIR-148B-3P
gene:HSA-MIR-149-3P
gene:HSA-MIR-149-3P
gene:HSA-MIR-150-3P
gene:HSA-MIR-150-3P
gene:HSA-MIR-152-3P
gene:HSA-MIR-152-3P
gene:HSA-MIR-1537-3P
gene:HSA-MIR-1537-3P
gene:MIR1538
gene:HSA-MIR-154-3P
gene:HSA-MIR-154-3P
gene:HSA-MIR-155-3P
gene:MIR1587
gene:HSA-MIR-15A-3P
gene:HSA-MIR-15A-3P
gene:HSA-MIR-15B-3P
gene:HSA-MIR-15B-3P
gene:HSA-MIR-16-1-3P
gene:HSA-MIR-16-2-3P
gene:HSA-MIR-17-3P
gene:HSA-MIR-17-3P
gene:HSA-MIR-181A-3P
gene:HSA-MIR-181A-3P
gene:HSA-MIR-181B-2-3P
gene:HSA-MIR-181C-3P
gene:HSA-MIR-181C-3P
gene:HSA-MIR-181D-3P
gene:HSA-MIR-181D-3P
gene:HSA-MIR-182-3P
gene:HSA-MIR-182-3P
gene:MIR1827
gene:HSA-MIR-183-3P
gene:HSA-MIR-183-3P
gene:MIR184
gene:HSA-MIR-185-3P
gene:HSA-MIR-185-3P
gene:HSA-MIR-186-3P
gene:HSA-MIR-186-3P
gene:HSA-MIR-187-3P
gene:HSA-MIR-187-3P
gene:HSA-MIR-188-3P
gene:HSA-MIR-188-3P
gene:HSA-MIR-18A-3P
gene:HSA-MIR-18A-3P
gene:HSA-MIR-18B-3P
gene:HSA-MIR-18B-3P
gene:HSA-MIR-1908-3P
gene:HSA-MIR-1908-3P
gene:HSA-MIR-1909-3P
gene:HSA-MIR-1909-3P
gene:MIR190B
gene:HSA-MIR-1910-3P
gene:HSA-MIR-1910-3P
gene:HSA-MIR-1911-3P
gene:HSA-MIR-1911-3P
gene:MIR1912
gene:MIR1913
gene:HSA-MIR-191-3P
gene:HSA-MIR-1914-3P
gene:HSA-MIR-1915-3P
gene:HSA-MIR-1915-3P
gene:HSA-MIR-191-3P
gene:HSA-MIR-192-3P
gene:HSA-MIR-192-3P
gene:HSA-MIR-193A-3P
gene:HSA-MIR-193A-3P
gene:HSA-MIR-193B-3P
gene:HSA-MIR-193B-3P
gene:HSA-MIR-195-3P
gene:HSA-MIR-195-3P
gene:HSA-MIR-196B-3P
gene:HSA-MIR-196B-3P
gene:MIR1972-1
gene:MIR1973
gene:HSA-MIR-197-3P
gene:HSA-MIR-197-3P
gene:MIR1976
gene:HSA-MIR-199B-3P
gene:HSA-MIR-19A-3P
gene:HSA-MIR-19A-3P
gene:HSA-MIR-19B-1-3P
gene:HSA-MIR-200A-3P
gene:HSA-MIR-200A-3P
gene:HSA-MIR-200B-3P
gene:HSA-MIR-200B-3P
gene:HSA-MIR-200C-3P
gene:HSA-MIR-202-3P
gene:HSA-MIR-204-3P
gene:HSA-MIR-204-3P
gene:HSA-MIR-205-3P
gene:MIR206
gene:HSA-MIR-208A-3P
gene:HSA-MIR-208A-3P
gene:HSA-MIR-208B-3P
gene:HSA-MIR-20A-3P
gene:HSA-MIR-20A-3P
gene:HSA-MIR-20B-3P
gene:HSA-MIR-20B-3P
gene:HSA-MIR-210-3P
gene:HSA-MIR-210-3P
gene:MIR2110
gene:MIR2113
gene:HSA-MIR-211-3P
gene:HSA-MIR-2114-3P
gene:HSA-MIR-2114-3P
gene:HSA-MIR-2115-3P
gene:HSA-MIR-2115-3P
gene:HSA-MIR-211-3P
gene:HSA-MIR-2116-3P
gene:HSA-MIR-2116-3P
gene:MIR2117
gene:HSA-MIR-212-3P
gene:HSA-MIR-212-3P
gene:HSA-MIR-21-3P
gene:HSA-MIR-214-3P
gene:HSA-MIR-215-3P
gene:HSA-MIR-215-3P
gene:HSA-MIR-21-3P
gene:HSA-MIR-216A-3P
gene:HSA-MIR-216A-3P
gene:HSA-MIR-216B-3P
gene:HSA-MIR-216B-3P
gene:MIR217
gene:HSA-MIR-218-1-3P
gene:HSA-MIR-218-2-3P
gene:HSA-MIR-221-3P
gene:HSA-MIR-221-3P
gene:HSA-MIR-222-3P
gene:HSA-MIR-222-3P
gene:HSA-MIR-223-3P
gene:HSA-MIR-223-3P
gene:HSA-MIR-22-3P
gene:HSA-MIR-224-3P
gene:HSA-MIR-224-3P
gene:HSA-MIR-22-3P
gene:HSA-MIR-2276-3P
gene:HSA-MIR-2276-3P
gene:HSA-MIR-2277-3P
gene:HSA-MIR-2277-3P
gene:MIR2278
gene:HSA-MIR-2355-3P
gene:HSA-MIR-2355-3P
gene:MIR2392
gene:HSA-MIR-23A-3P
gene:HSA-MIR-23A-3P
gene:HSA-MIR-23B-3P
gene:HSA-MIR-23B-3P
gene:MIR23C
gene:HSA-MIR-24-1-3P
gene:HSA-MIR-24-2-3P
gene:HSA-MIR-2467-3P
gene:HSA-MIR-2467-3P
gene:HSA-MIR-25-3P
gene:HSA-MIR-25-3P
gene:HSA-MIR-2681-3P
gene:HSA-MIR-2681-3P
gene:HSA-MIR-2682-3P
gene:HSA-MIR-2682-3P
gene:HSA-MIR-26A-1-3P
gene:HSA-MIR-26A-2-3P
gene:HSA-MIR-26B-3P
gene:HSA-MIR-26B-3P
gene:HSA-MIR-27A-3P
gene:HSA-MIR-27A-3P
gene:HSA-MIR-27B-3P
gene:HSA-MIR-27B-3P
gene:HSA-MIR-28-3P
gene:HSA-MIR-28-3P
gene:HSA-MIR-296-3P
gene:HSA-MIR-296-3P
gene:MIR298
gene:HSA-MIR-299-3P
gene:HSA-MIR-299-3P
gene:HSA-MIR-29A-3P
gene:HSA-MIR-29A-3P
gene:HSA-MIR-29B-1-3P
gene:HSA-MIR-29B-2-3P
gene:HSA-MIR-29C-3P
gene:HSA-MIR-29C-3P
gene:MIR300
gene:HSA-MIR-301A-3P
gene:HSA-MIR-301A-3P
gene:HSA-MIR-301B-3P
gene:HSA-MIR-301B-3P
gene:HSA-MIR-302A-3P
gene:HSA-MIR-302A-3P
gene:HSA-MIR-302B-3P
gene:HSA-MIR-302B-3P
gene:HSA-MIR-302C-3P
gene:HSA-MIR-302C-3P
gene:HSA-MIR-302D-3P
gene:HSA-MIR-302D-3P
gene:HSA-MIR-3064-3P
gene:HSA-MIR-3064-3P
gene:HSA-MIR-3065-3P
gene:HSA-MIR-3065-3P
gene:HSA-MIR-3074-3P
gene:HSA-MIR-30A-3P
gene:HSA-MIR-30A-3P
gene:HSA-MIR-30B-3P
gene:HSA-MIR-30B-3P
gene:HSA-MIR-30C-1-3P
gene:HSA-MIR-30C-2-3P
gene:HSA-MIR-30D-3P
gene:HSA-MIR-30D-3P
gene:HSA-MIR-30E-3P
gene:HSA-MIR-30E-3P
gene:MIR3115
gene:HSA-MIR-3117-3P
gene:HSA-MIR-3117-3P
gene:HSA-MIR-3120-3P
gene:HSA-MIR-3121-3P
gene:MIR3123
gene:HSA-MIR-3124-3P
gene:HSA-MIR-3124-3P
gene:MIR3125
gene:HSA-MIR-3126-3P
gene:HSA-MIR-3126-3P
gene:HSA-MIR-3127-3P
gene:HSA-MIR-3127-3P
gene:MIR3128
gene:HSA-MIR-3129-3P
gene:HSA-MIR-3129-3P
gene:MIR3131
gene:MIR3132
gene:MIR3133
gene:MIR3134
gene:MIR3135B
gene:HSA-MIR-3136-3P
gene:MIR3138
gene:MIR3139
gene:HSA-MIR-31-3P
gene:HSA-MIR-3140-3P
gene:HSA-MIR-3140-3P
gene:MIR3141
gene:MIR3142
gene:MIR3143
gene:HSA-MIR-3144-3P
gene:HSA-MIR-3144-3P
gene:HSA-MIR-3145-3P
gene:HSA-MIR-3145-3P
gene:MIR3146
gene:MIR3149
gene:HSA-MIR-3150A-3P
gene:HSA-MIR-3151-3P
gene:HSA-MIR-3151-3P
gene:HSA-MIR-3152-3P
gene:HSA-MIR-3152-3P
gene:MIR3154
gene:HSA-MIR-3157-3P
gene:HSA-MIR-3157-3P
gene:MIR3159
gene:HSA-MIR-31-3P
gene:MIR3161
gene:MIR3163
gene:MIR3165
gene:MIR3166
gene:MIR3167
gene:MIR3168
gene:MIR3170
gene:HSA-MIR-3173-3P
gene:HSA-MIR-3173-3P
gene:MIR3174
gene:MIR3175
gene:MIR3176
gene:HSA-MIR-3177-3P
gene:HSA-MIR-3177-3P
gene:MIR3178
gene:MIR3181
gene:MIR3182
gene:MIR3183
gene:HSA-MIR-3184-3P
gene:HSA-MIR-3186-3P
gene:HSA-MIR-3186-3P
gene:HSA-MIR-3187-3P
gene:MIR3188
gene:HSA-MIR-3190-3P
gene:HSA-MIR-3192-3P
gene:HSA-MIR-3192-3P
gene:MIR3193
gene:HSA-MIR-3194-3P
gene:HSA-MIR-3194-3P
gene:MIR3195
gene:MIR3196
gene:MIR3197
gene:HSA-MIR-3200-3P
gene:HSA-MIR-3200-3P
gene:MIR320E
gene:HSA-MIR-453-3P
gene:HSA-MIR-453-3P
gene:HSA-MIR-32-3P
gene:HSA-MIR-324-3P
gene:HSA-MIR-324-3P
gene:HSA-MIR-32-3P
gene:MIR326
gene:HSA-MIR-328-3P
gene:HSA-MIR-328-3P
gene:HSA-MIR-330-3P
gene:HSA-MIR-330-3P
gene:HSA-MIR-331-3P
gene:HSA-MIR-331-3P
gene:HSA-MIR-337-3P
gene:HSA-MIR-337-3P
gene:HSA-MIR-338-3P
gene:HSA-MIR-339-3P
gene:HSA-MIR-339-3P
gene:HSA-MIR-33A-3P
gene:HSA-MIR-33A-3P
gene:HSA-MIR-33B-3P
gene:HSA-MIR-33B-3P
gene:HSA-MIR-340-3P
gene:HSA-MIR-340-3P
gene:HSA-MIR-342-3P
gene:HSA-MIR-342-3P
gene:HSA-MIR-345-3P
gene:HSA-MIR-345-3P
gene:MIR346
gene:HSA-MIR-34A-3P
gene:HSA-MIR-34A-3P
gene:HSA-MIR-34B-3P
gene:HSA-MIR-34B-3P
gene:HSA-MIR-34C-3P
gene:HSA-MIR-34C-3P
gene:HSA-MIR-3529-3P
gene:HSA-MIR-3529-3P
gene:HSA-MIR-3605-3P
gene:HSA-MIR-3605-3P
gene:MIR3609
gene:MIR3610
gene:MIR3611
gene:MIR3612
gene:HSA-MIR-3613-3P
gene:HSA-MIR-3613-3P
gene:HSA-MIR-361-3P
gene:HSA-MIR-3614-3P
gene:HSA-MIR-3614-3P
gene:MIR3615
gene:HSA-MIR-361-3P
gene:HSA-MIR-3616-3P
gene:HSA-MIR-3616-3P
gene:HSA-MIR-3617-3P
gene:HSA-MIR-3617-3P
gene:HSA-MIR-3619-3P
gene:HSA-MIR-3619-3P
gene:HSA-MIR-3620-3P
gene:HSA-MIR-3620-3P
gene:HSA-MIR-3622A-3P
gene:HSA-MIR-3622A-3P
gene:HSA-MIR-362-3P
gene:HSA-MIR-362-3P
gene:HSA-MIR-363-3P
gene:HSA-MIR-363-3P
gene:MIR3648-1
gene:MIR3651
gene:MIR3652
gene:HSA-MIR-3653-3P
gene:HSA-MIR-3653-3P
gene:MIR3654
gene:MIR3656
gene:MIR3657
gene:MIR3659
gene:MIR3660
gene:MIR3661
gene:HSA-MIR-3663-3P
gene:HSA-MIR-3663-3P
gene:HSA-MIR-3664-3P
gene:HSA-MIR-3664-3P
gene:HSA-MIR-3667-3P
gene:HSA-MIR-3667-3P
gene:HSA-MIR-367-3P
gene:HSA-MIR-3675-3P
gene:HSA-MIR-3677-3P
gene:HSA-MIR-3677-3P
gene:HSA-MIR-3678-3P
gene:HSA-MIR-3678-3P
gene:HSA-MIR-3679-3P
gene:HSA-MIR-3679-3P
gene:HSA-MIR-3680-3P
gene:HSA-MIR-3681-3P
gene:HSA-MIR-3681-3P
gene:HSA-MIR-3682-3P
gene:MIR3684
gene:MIR3685
gene:MIR3687-1
gene:HSA-MIR-3688-1-3P
gene:ENSG00000265658
gene:HSA-MIR-3691-3P
gene:HSA-MIR-3691-3P
gene:HSA-MIR-3692-3P
gene:HSA-MIR-369-3P
gene:HSA-MIR-369-3P
gene:HSA-MIR-370-3P
gene:HSA-MIR-370-3P
gene:HSA-MIR-371B-3P
gene:HSA-MIR-372-3P
gene:HSA-MIR-373-3P
gene:HSA-MIR-374A-3P
gene:HSA-MIR-374A-3P
gene:HSA-MIR-374B-3P
gene:HSA-MIR-374C-3P
gene:MIR375
gene:HSA-MIR-376A-2-3P
gene:HSA-MIR-376A-1-3P
gene:HSA-MIR-376A-1-3P
gene:HSA-MIR-376B-3P
gene:HSA-MIR-376C-3P
gene:HSA-MIR-377-3P
gene:HSA-MIR-377-3P
gene:MIR378B
gene:MIR378C
gene:MIR378F
gene:MIR378G
gene:MIR378H
gene:MIR378I
gene:HSA-MIR-379-3P
gene:HSA-MIR-379-3P
gene:HSA-MIR-380-3P
gene:HSA-MIR-380-3P
gene:HSA-MIR-381-3P
gene:HSA-MIR-381-3P
gene:HSA-MIR-382-3P
gene:HSA-MIR-382-3P
gene:HSA-MIR-383-3P
gene:HSA-MIR-383-3P
gene:MIR3907
gene:MIR3909
gene:MIR3911
gene:HSA-MIR-3912-3P
gene:HSA-MIR-3912-3P
gene:MIR3916
gene:MIR3917
gene:MIR3918
gene:MIR3919
gene:HSA-MIR-3922-3P
gene:MIR3923
gene:HSA-MIR-3925-3P
gene:HSA-MIR-3925-3P
gene:HSA-MIR-3928-3P
gene:HSA-MIR-3928-3P
gene:MIR3929
gene:HSA-MIR-3934-3P
gene:MIR3935
gene:MIR3936
gene:MIR3937
gene:MIR3938
gene:MIR3939
gene:HSA-MIR-3940-3P
gene:HSA-MIR-3940-3P
gene:MIR3941
gene:HSA-MIR-3942-3P
gene:HSA-MIR-3942-3P
gene:MIR3943
gene:HSA-MIR-3944-3P
gene:HSA-MIR-3944-3P
gene:MIR3960
gene:HSA-MIR-409-3P
gene:HSA-MIR-409-3P
gene:HSA-MIR-410-3P
gene:HSA-MIR-410-3P
gene:HSA-MIR-411-3P
gene:HSA-MIR-411-3P
gene:HSA-MIR-412-3P
gene:HSA-MIR-412-3P
gene:MIR421
gene:HSA-MIR-423-3P
gene:HSA-MIR-424-3P
gene:HSA-MIR-424-3P
gene:HSA-MIR-425-3P
gene:MIR4254
gene:HSA-MIR-425-3P
gene:MIR4281
gene:MIR4284
gene:MIR4286
gene:MIR4289
gene:MIR429
gene:MIR4290
gene:MIR4298
gene:MIR4301
gene:MIR4313
gene:HSA-MIR-431-3P
gene:HSA-MIR-431-3P
gene:MIR4320
gene:MIR4321
gene:HSA-MIR-432-3P
gene:MIR4324
gene:HSA-MIR-432-3P
gene:MIR4326
gene:MIR4330
gene:HSA-MIR-433-3P
gene:HSA-MIR-433-3P
gene:MIR4417
gene:MIR4419B
gene:MIR4421
gene:MIR4422
gene:HSA-MIR-4423-3P
gene:HSA-MIR-4423-3P
gene:MIR4424
gene:MIR4425
gene:MIR4426
gene:MIR4427
gene:MIR4428
gene:MIR4429
gene:MIR4430
gene:HSA-MIR-4436B-3P
gene:MIR4440
gene:MIR4442
gene:MIR4443
gene:MIR4444-1
gene:HSA-MIR-4446-3P
gene:HSA-MIR-4446-3P
gene:MIR4448
gene:MIR4449
gene:MIR4451
gene:MIR4454
gene:MIR4459
gene:MIR4461
gene:MIR4463
gene:MIR4465
gene:MIR4466
gene:MIR4467
gene:MIR4470
gene:MIR4473
gene:HSA-MIR-4474-3P
gene:MIR4477A
gene:MIR4477B
gene:MIR4478
gene:MIR4479
gene:MIR448
gene:HSA-MIR-4482-3P
gene:HSA-MIR-4482-3P
gene:MIR4484
gene:HSA-MIR-4485-3P
gene:HSA-MIR-4485-3P
gene:MIR4487
gene:MIR4488
gene:MIR4491
gene:MIR4492
gene:MIR4496
gene:MIR4497
gene:MIR4498
gene:MIR449A
gene:HSA-MIR-449B-3P
gene:HSA-MIR-449B-3P
gene:HSA-MIR-449C-3P
gene:HSA-MIR-449C-3P
gene:MIR4500
gene:MIR4501
gene:MIR4504
gene:MIR4507
gene:MIR4508
gene:HSA-MIR-450A-1-3P
gene:HSA-MIR-450A-2-3P
gene:HSA-MIR-450B-3P
gene:MIR4510
gene:MIR4511
gene:MIR4512
gene:MIR4515
gene:MIR4516
gene:MIR4517
gene:MIR4519
gene:MIR451B
gene:MIR4521
gene:MIR4522
gene:MIR4523
gene:HSA-MIR-452-3P
gene:MIR4525
gene:HSA-MIR-452-3P
gene:MIR4526
gene:MIR4528
gene:HSA-MIR-4529-3P
gene:HSA-MIR-4529-3P
gene:MIR4532
gene:MIR4538
gene:HSA-MIR-454-3P
gene:HSA-MIR-454-3P
gene:HSA-MIR-455-3P
gene:HSA-MIR-455-3P
gene:HSA-MIR-4632-3P
gene:MIR4635
gene:MIR4636
gene:HSA-MIR-4638-3P
gene:HSA-MIR-4638-3P
gene:HSA-MIR-4639-3P
gene:HSA-MIR-4639-3P
gene:HSA-MIR-4640-3P
gene:HSA-MIR-4640-3P
gene:MIR4641
gene:MIR4642
gene:MIR4644
gene:HSA-MIR-4645-3P
gene:HSA-MIR-4646-3P
gene:HSA-MIR-4646-3P
gene:MIR4647
gene:MIR4648
gene:HSA-MIR-4649-3P
gene:HSA-MIR-4649-3P
gene:MIR4651
gene:HSA-MIR-4652-3P
gene:MIR4654
gene:MIR4656
gene:HSA-MIR-4659A-3P
gene:HSA-MIR-4659A-3P
gene:MIR4660
gene:HSA-MIR-4661-3P
gene:HSA-MIR-4662A-3P
gene:HSA-MIR-4662A-3P
gene:MIR4662B
gene:HSA-MIR-4664-3P
gene:HSA-MIR-4665-3P
gene:HSA-MIR-4665-3P
gene:MIR4666B
gene:HSA-MIR-4667-3P
gene:HSA-MIR-4667-3P
gene:HSA-MIR-4668-3P
gene:HSA-MIR-4668-3P
gene:HSA-MIR-4671-3P
gene:HSA-MIR-4671-3P
gene:MIR4672
gene:MIR4673
gene:HSA-MIR-4676-3P
gene:HSA-MIR-4677-3P
gene:HSA-MIR-4677-3P
gene:HSA-MIR-4680-3P
gene:MIR4682
gene:MIR4683
gene:HSA-MIR-4685-3P
gene:HSA-MIR-4687-3P
gene:HSA-MIR-4687-3P
gene:MIR4688
gene:MIR4689
gene:HSA-MIR-4690-3P
gene:HSA-MIR-4690-3P
gene:HSA-MIR-4691-3P
gene:HSA-MIR-4693-3P
gene:HSA-MIR-4694-3P
gene:HSA-MIR-4695-3P
gene:HSA-MIR-4695-3P
gene:MIR4696
gene:HSA-MIR-4697-3P
gene:HSA-MIR-4699-3P
gene:HSA-MIR-4699-3P
gene:HSA-MIR-4700-3P
gene:HSA-MIR-4700-3P
gene:HSA-MIR-4701-3P
gene:HSA-MIR-4701-3P
gene:HSA-MIR-4703-3P
gene:MIR4705
gene:MIR4706
gene:HSA-MIR-4707-3P
gene:HSA-MIR-4708-3P
gene:HSA-MIR-4709-3P
gene:HSA-MIR-4709-3P
gene:HSA-MIR-4711-3P
gene:HSA-MIR-4712-3P
gene:HSA-MIR-4714-3P
gene:HSA-MIR-4714-3P
gene:HSA-MIR-4716-3P
gene:HSA-MIR-4716-3P
gene:MIR4719
gene:HSA-MIR-4723-3P
gene:HSA-MIR-4723-3P
gene:HSA-MIR-4724-3P
gene:HSA-MIR-4725-3P
gene:HSA-MIR-4725-3P
gene:HSA-MIR-4726-3P
gene:HSA-MIR-4726-3P
gene:HSA-MIR-4727-3P
gene:HSA-MIR-4727-3P
gene:HSA-MIR-4728-3P
gene:HSA-MIR-4728-3P
gene:MIR4729
gene:MIR4730
gene:HSA-MIR-4731-3P
gene:HSA-MIR-4731-3P
gene:HSA-MIR-4732-3P
gene:HSA-MIR-4732-3P
gene:HSA-MIR-4733-3P
gene:HSA-MIR-4733-3P
gene:MIR4734
gene:HSA-MIR-4735-3P
gene:HSA-MIR-4738-3P
gene:MIR4739
gene:HSA-MIR-4740-3P
gene:HSA-MIR-4742-3P
gene:HSA-MIR-4742-3P
gene:HSA-MIR-4743-3P
gene:HSA-MIR-4743-3P
gene:HSA-MIR-4745-3P
gene:HSA-MIR-4745-3P
gene:HSA-MIR-4746-3P
gene:HSA-MIR-4747-3P
gene:MIR4748
gene:HSA-MIR-4749-3P
gene:HSA-MIR-4749-3P
gene:HSA-MIR-4750-3P
gene:HSA-MIR-4750-3P
gene:HSA-MIR-4753-3P
gene:HSA-MIR-4753-3P
gene:MIR4754
gene:HSA-MIR-4757-3P
gene:HSA-MIR-4757-3P
gene:HSA-MIR-4758-3P
gene:HSA-MIR-4758-3P
gene:HSA-MIR-4760-3P
gene:HSA-MIR-4761-3P
gene:HSA-MIR-4761-3P
gene:HSA-MIR-4762-3P
gene:HSA-MIR-4762-3P
gene:HSA-MIR-4763-3P
gene:HSA-MIR-4763-3P
gene:HSA-MIR-4766-3P
gene:MIR4767
gene:HSA-MIR-4768-3P
gene:HSA-MIR-4768-3P
gene:MIR4770
gene:HSA-MIR-4772-3P
gene:HSA-MIR-4772-3P
gene:HSA-MIR-4774-3P
gene:MIR4775
gene:HSA-MIR-4777-3P
gene:HSA-MIR-4777-3P
gene:MIR4780
gene:HSA-MIR-4781-3P
gene:HSA-MIR-4781-3P
gene:HSA-MIR-4783-3P
gene:MIR4785
gene:HSA-MIR-4786-3P
gene:HSA-MIR-4786-3P
gene:HSA-MIR-4787-3P
gene:HSA-MIR-4787-3P
gene:HSA-MIR-4790-3P
gene:HSA-MIR-4790-3P
gene:MIR4791
gene:MIR4794
gene:HSA-MIR-4795-3P
gene:HSA-MIR-4795-3P
gene:HSA-MIR-4796-3P
gene:HSA-MIR-4796-3P
gene:HSA-MIR-4797-3P
gene:HSA-MIR-4798-3P
gene:HSA-MIR-4798-3P
gene:HSA-MIR-4800-3P
gene:HSA-MIR-4800-3P
gene:MIR4801
gene:HSA-MIR-4802-3P
gene:HSA-MIR-4802-3P
gene:MIR4803
gene:HSA-MIR-4804-3P
gene:HSA-MIR-4804-3P
gene:HSA-MIR-483-3P
gene:HSA-MIR-483-3P
gene:MIR484
gene:HSA-MIR-485-3P
gene:HSA-MIR-485-3P
gene:HSA-MIR-486-3P
gene:HSA-MIR-486-3P
gene:HSA-MIR-487A-3P
gene:HSA-MIR-487A-3P
gene:HSA-MIR-487B-3P
gene:HSA-MIR-487B-3P
gene:HSA-MIR-488-3P
gene:HSA-MIR-488-3P
gene:HSA-MIR-489-3P
gene:HSA-MIR-491-3P
gene:HSA-MIR-491-3P
gene:HSA-MIR-493-3P
gene:HSA-MIR-493-3P
gene:HSA-MIR-494-3P
gene:HSA-MIR-494-3P
gene:HSA-MIR-495-3P
gene:HSA-MIR-495-3P
gene:MIR496
gene:HSA-MIR-497-3P
gene:HSA-MIR-497-3P
gene:MIR498
gene:HSA-MIR-4999-3P
gene:HSA-MIR-499A-3P
gene:HSA-MIR-499A-3P
gene:HSA-MIR-5000-3P
gene:HSA-MIR-5000-3P
gene:HSA-MIR-5001-3P
gene:HSA-MIR-5001-3P
gene:HSA-MIR-5002-3P
gene:HSA-MIR-5002-3P
gene:HSA-MIR-5003-3P
gene:HSA-MIR-5004-3P
gene:HSA-MIR-5004-3P
gene:HSA-MIR-5006-3P
gene:HSA-MIR-5006-3P
gene:HSA-MIR-5008-3P
gene:HSA-MIR-5009-3P
gene:HSA-MIR-500B-3P
gene:HSA-MIR-5010-3P
gene:HSA-MIR-5010-3P
gene:HSA-MIR-501-3P
gene:HSA-MIR-501-3P
gene:HSA-MIR-502-3P
gene:HSA-MIR-502-3P
gene:HSA-MIR-503-3P
gene:HSA-MIR-503-3P
gene:HSA-MIR-504-3P
gene:HSA-MIR-504-3P
gene:HSA-MIR-505-3P
gene:HSA-MIR-505-3P
gene:HSA-MIR-506-3P
gene:HSA-MIR-506-3P
gene:MIR507
gene:HSA-MIR-508-3P
gene:HSA-MIR-508-3P
gene:HSA-MIR-5088-3P
gene:HSA-MIR-5088-3P
gene:HSA-MIR-5089-3P
gene:HSA-MIR-5089-3P
gene:MIR5090
gene:MIR5091
gene:HSA-MIR-509-3-3P
gene:HSA-MIR-509-1-3P
gene:MIR5094
gene:MIR5095
gene:HSA-MIR-509-1-3P
gene:MIR5096
gene:MIR5100
gene:HSA-MIR-510-3P
gene:HSA-MIR-510-3P
gene:HSA-MIR-513B-3P
gene:HSA-MIR-513C-3P
gene:HSA-MIR-514B-3P
gene:HSA-MIR-514B-3P
gene:HSA-MIR-517C-3P
gene:HSA-MIR-5187-3P
gene:HSA-MIR-5187-3P
gene:MIR5188
gene:HSA-MIR-5189-3P
gene:HSA-MIR-5189-3P
gene:MIR518B
gene:HSA-MIR-518C-3P
gene:HSA-MIR-518C-3P
gene:HSA-MIR-518E-3P
gene:HSA-MIR-518F-3P
gene:MIR5190
gene:MIR5191
gene:MIR5192
gene:MIR5193
gene:HSA-MIR-5196-3P
gene:HSA-MIR-519B-3P
gene:HSA-MIR-519C-3P
gene:HSA-MIR-519D-3P
gene:HSA-MIR-520A-3P
gene:HSA-MIR-520A-3P
gene:HSA-MIR-520D-3P
gene:HSA-MIR-520G-3P
gene:HSA-MIR-520G-3P
gene:HSA-MIR-522-3P
gene:HSA-MIR-524-3P
gene:HSA-MIR-524-3P
gene:HSA-MIR-525-3P
gene:HSA-MIR-526B-3P
gene:HSA-MIR-532-3P
gene:HSA-MIR-532-3P
gene:HSA-MIR-539-3P
gene:HSA-MIR-539-3P
gene:HSA-MIR-541-3P
gene:HSA-MIR-541-3P
gene:HSA-MIR-542-3P
gene:HSA-MIR-542-3P
gene:MIR543
gene:MIR544B
gene:HSA-MIR-545-3P
gene:HSA-MIR-545-3P
gene:MIR548AB
gene:MIR548AC
gene:HSA-MIR-548AD-3P
gene:HSA-MIR-548AH-3P
gene:MIR548AL
gene:MIR548AN
gene:HSA-MIR-548AO-3P
gene:HSA-MIR-548AQ-3P
gene:HSA-MIR-548AR-3P
gene:HSA-MIR-548AR-3P
gene:HSA-MIR-548AS-3P
gene:HSA-MIR-548AS-3P
gene:HSA-MIR-548AT-3P
gene:MIR548AW
gene:MIR548AX
gene:HSA-MIR-548AY-3P
gene:HSA-MIR-548AZ-3P
gene:HSA-MIR-548AZ-3P
gene:HSA-MIR-548B-3P
gene:HSA-MIR-548B-3P
gene:MIR548BA
gene:HSA-MIR-548C-3P
gene:HSA-MIR-548E-3P
gene:HSA-MIR-548E-3P
gene:HSA-MIR-548G-3P
gene:HSA-MIR-548J-3P
gene:HSA-MIR-548J-3P
gene:MIR548K
gene:MIR548L
gene:MIR548N
gene:HSA-MIR-548O-3P
gene:MIR548P
gene:MIR548Q
gene:MIR548S
gene:HSA-MIR-548T-3P
gene:MIR548U
gene:MIR548V
gene:MIR548W
gene:MIR548Y
gene:MIR551A
gene:HSA-MIR-551B-3P
gene:HSA-MIR-551B-3P
gene:HSA-MIR-552-3P
gene:HSA-MIR-552-3P
gene:HSA-MIR-556-3P
gene:HSA-MIR-556-3P
gene:HSA-MIR-5579-3P
gene:HSA-MIR-5579-3P
gene:HSA-MIR-5580-3P
gene:HSA-MIR-5580-3P
gene:HSA-MIR-5581-3P
gene:HSA-MIR-5581-3P
gene:HSA-MIR-5582-3P
gene:HSA-MIR-5584-3P
gene:HSA-MIR-5584-3P
gene:HSA-MIR-5585-3P
gene:HSA-MIR-5585-3P
gene:HSA-MIR-5586-3P
gene:HSA-MIR-5586-3P
gene:HSA-MIR-5587-3P
gene:HSA-MIR-5587-3P
gene:HSA-MIR-5588-3P
gene:MIR559
gene:HSA-MIR-561-3P
gene:MIR566
gene:MIR5680
gene:MIR5682
gene:MIR5683
gene:MIR5684
gene:MIR5685
gene:MIR5687
gene:MIR5688
gene:MIR5689
gene:MIR5690
gene:MIR5691
gene:MIR5695
gene:MIR5696
gene:MIR5697
gene:MIR5698
gene:HSA-MIR-5699-3P
gene:HSA-MIR-5699-3P
gene:MIR5700
gene:HSA-MIR-570-3P
gene:MIR5706
gene:MIR5708
gene:HSA-MIR-574-3P
gene:HSA-MIR-574-3P
gene:HSA-MIR-576-3P
gene:HSA-MIR-576-3P
gene:MIR577
gene:MIR578
gene:MIR5787
gene:HSA-MIR-579-3P
gene:HSA-MIR-579-3P
gene:HSA-MIR-580-3P
gene:HSA-MIR-580-3P
gene:MIR581
gene:HSA-MIR-582-3P
gene:HSA-MIR-582-3P
gene:MIR583
gene:HSA-MIR-584-3P
gene:HSA-MIR-584-3P
gene:HSA-MIR-585-3P
gene:HSA-MIR-585-3P
gene:MIR586
gene:MIR588
gene:HSA-MIR-589-3P
gene:HSA-MIR-589-3P
gene:HSA-MIR-590-3P
gene:HSA-MIR-590-3P
gene:MIR592
gene:HSA-MIR-593-3P
gene:HSA-MIR-597-3P
gene:HSA-MIR-597-3P
gene:HSA-MIR-598-3P
gene:HSA-MIR-598-3P
gene:MIR599
gene:MIR600
gene:MIR602
gene:HSA-MIR-605-3P
gene:HSA-MIR-605-3P
gene:MIR606
gene:MIR607
gene:MIR6073
gene:MIR6087
gene:MIR609
gene:MIR612
gene:MIR6132
gene:MIR6133
gene:HSA-MIR-615-3P
gene:HSA-MIR-616-3P
gene:HSA-MIR-616-3P
gene:MIR618
gene:HSA-MIR-619-3P
gene:HSA-MIR-624-3P
gene:HSA-MIR-624-3P
gene:HSA-MIR-625-3P
gene:HSA-MIR-625-3P
gene:HSA-MIR-627-3P
gene:HSA-MIR-627-3P
gene:HSA-MIR-628-3P
gene:HSA-MIR-628-3P
gene:HSA-MIR-629-3P
gene:HSA-MIR-629-3P
gene:MIR636
gene:MIR638
gene:MIR641
gene:MIR643
gene:HSA-MIR-6499-3P
gene:HSA-MIR-6500-3P
gene:HSA-MIR-6501-3P
gene:HSA-MIR-6501-3P
gene:HSA-MIR-6502-3P
gene:HSA-MIR-6503-3P
gene:HSA-MIR-6503-3P
gene:HSA-MIR-6504-3P
gene:HSA-MIR-6505-3P
gene:HSA-MIR-6505-3P
gene:HSA-MIR-6506-3P
gene:HSA-MIR-6506-3P
gene:HSA-MIR-6507-3P
gene:HSA-MIR-6507-3P
gene:HSA-MIR-6508-3P
gene:HSA-MIR-6508-3P
gene:HSA-MIR-6510-3P
gene:HSA-MIR-6513-3P
gene:HSA-MIR-6513-3P
gene:HSA-MIR-6514-3P
gene:HSA-MIR-6514-3P
gene:HSA-MIR-6515-3P
gene:HSA-MIR-6515-3P
gene:HSA-MIR-651-3P
gene:HSA-MIR-6516-3P
gene:HSA-MIR-6516-3P
gene:HSA-MIR-652-3P
gene:HSA-MIR-652-3P
gene:HSA-MIR-653-3P
gene:HSA-MIR-653-3P
gene:HSA-MIR-654-3P
gene:HSA-MIR-654-3P
gene:HSA-MIR-655-3P
gene:HSA-MIR-655-3P
gene:HSA-MIR-656-3P
gene:HSA-MIR-656-3P
gene:HSA-MIR-659-3P
gene:HSA-MIR-659-3P
gene:HSA-MIR-660-3P
gene:HSA-MIR-660-3P
gene:MIR663B
gene:HSA-MIR-664B-3P
gene:HSA-MIR-664B-3P
gene:MIR665
gene:HSA-MIR-668-3P
gene:HSA-MIR-668-3P
gene:HSA-MIR-670-3P
gene:HSA-MIR-670-3P
gene:HSA-MIR-671-3P
gene:HSA-MIR-6715A-3P
gene:HSA-MIR-6715B-3P
gene:HSA-MIR-671-3P
gene:HSA-MIR-6716-3P
gene:HSA-MIR-6716-3P
gene:HSA-MIR-6717-3P
gene:HSA-MIR-6718-3P
gene:HSA-MIR-6719-3P
gene:HSA-MIR-6720-3P
gene:HSA-MIR-6720-3P
gene:HSA-MIR-6721-3P
gene:HSA-MIR-6723-3P
gene:HSA-MIR-6726-3P
gene:HSA-MIR-6726-3P
gene:HSA-MIR-6727-3P
gene:HSA-MIR-6727-3P
gene:HSA-MIR-6729-3P
gene:HSA-MIR-6729-3P
gene:HSA-MIR-6730-3P
gene:HSA-MIR-6730-3P
gene:HSA-MIR-6731-3P
gene:HSA-MIR-6732-3P
gene:HSA-MIR-6733-3P
gene:HSA-MIR-6733-3P
gene:HSA-MIR-6734-3P
gene:HSA-MIR-6734-3P
gene:HSA-MIR-6735-3P
gene:HSA-MIR-6735-3P
gene:HSA-MIR-6736-3P
gene:HSA-MIR-6737-3P
gene:HSA-MIR-6738-3P
gene:HSA-MIR-6739-3P
gene:HSA-MIR-6739-3P
gene:HSA-MIR-6740-3P
gene:HSA-MIR-6740-3P
gene:HSA-MIR-6741-3P
gene:HSA-MIR-6742-3P
gene:HSA-MIR-6742-3P
gene:HSA-MIR-6743-3P
gene:HSA-MIR-6746-3P
gene:HSA-MIR-6746-3P
gene:HSA-MIR-6747-3P
gene:HSA-MIR-6747-3P
gene:HSA-MIR-6748-3P
gene:HSA-MIR-6748-3P
gene:HSA-MIR-6749-3P
gene:HSA-MIR-6749-3P
gene:HSA-MIR-6750-3P
gene:HSA-MIR-6750-3P
gene:HSA-MIR-6751-3P
gene:HSA-MIR-6751-3P
gene:HSA-MIR-6752-3P
gene:HSA-MIR-6753-3P
gene:HSA-MIR-675-3P
gene:HSA-MIR-6754-3P
gene:HSA-MIR-6755-3P
gene:HSA-MIR-6755-3P
gene:HSA-MIR-675-3P
gene:HSA-MIR-6756-3P
gene:HSA-MIR-6756-3P
gene:HSA-MIR-6757-3P
gene:HSA-MIR-6757-3P
gene:HSA-MIR-6758-3P
gene:HSA-MIR-6758-3P
gene:HSA-MIR-6760-3P
gene:HSA-MIR-6760-3P
gene:HSA-MIR-6761-3P
gene:HSA-MIR-6761-3P
gene:HSA-MIR-6762-3P
gene:HSA-MIR-6762-3P
gene:HSA-MIR-6763-3P
gene:HSA-MIR-6763-3P
gene:HSA-MIR-676-3P
gene:HSA-MIR-6764-3P
gene:HSA-MIR-6764-3P
gene:HSA-MIR-6765-3P
gene:HSA-MIR-676-3P
gene:HSA-MIR-6766-3P
gene:HSA-MIR-6766-3P
gene:HSA-MIR-6767-3P
gene:HSA-MIR-6768-3P
gene:HSA-MIR-6769A-3P
gene:HSA-MIR-6769B-3P
gene:HSA-MIR-6771-3P
gene:HSA-MIR-6772-3P
gene:HSA-MIR-6774-3P
gene:HSA-MIR-6774-3P
gene:HSA-MIR-6775-3P
gene:HSA-MIR-6775-3P
gene:HSA-MIR-6776-3P
gene:HSA-MIR-6777-3P
gene:HSA-MIR-6777-3P
gene:HSA-MIR-6778-3P
gene:HSA-MIR-6778-3P
gene:HSA-MIR-6779-3P
gene:HSA-MIR-6779-3P
gene:HSA-MIR-6780A-3P
gene:HSA-MIR-6780A-3P
gene:HSA-MIR-6780B-3P
gene:HSA-MIR-6780B-3P
gene:HSA-MIR-6781-3P
gene:HSA-MIR-6782-3P
gene:HSA-MIR-6782-3P
gene:HSA-MIR-6783-3P
gene:HSA-MIR-6784-3P
gene:HSA-MIR-6785-3P
gene:HSA-MIR-6785-3P
gene:HSA-MIR-6786-3P
gene:HSA-MIR-6787-3P
gene:HSA-MIR-6788-3P
gene:HSA-MIR-6788-3P
gene:HSA-MIR-6789-3P
gene:HSA-MIR-6789-3P
gene:HSA-MIR-6790-3P
gene:HSA-MIR-6791-3P
gene:HSA-MIR-6792-3P
gene:HSA-MIR-6792-3P
gene:HSA-MIR-6793-3P
gene:HSA-MIR-6793-3P
gene:HSA-MIR-6794-3P
gene:HSA-MIR-6794-3P
gene:HSA-MIR-6795-3P
gene:HSA-MIR-6796-3P
gene:HSA-MIR-6796-3P
gene:HSA-MIR-6797-3P
gene:HSA-MIR-6797-3P
gene:HSA-MIR-6798-3P
gene:HSA-MIR-6799-3P
gene:HSA-MIR-6800-3P
gene:HSA-MIR-6801-3P
gene:HSA-MIR-6801-3P
gene:HSA-MIR-6802-3P
gene:HSA-MIR-6802-3P
gene:HSA-MIR-6803-3P
gene:HSA-MIR-6803-3P
gene:HSA-MIR-6804-3P
gene:HSA-MIR-6804-3P
gene:HSA-MIR-6805-3P
gene:HSA-MIR-6805-3P
gene:HSA-MIR-6806-3P
gene:HSA-MIR-6807-3P
gene:HSA-MIR-6807-3P
gene:HSA-MIR-6808-3P
gene:HSA-MIR-6809-3P
gene:HSA-MIR-6809-3P
gene:HSA-MIR-6810-3P
gene:HSA-MIR-6810-3P
gene:HSA-MIR-6812-3P
gene:HSA-MIR-6812-3P
gene:HSA-MIR-6813-3P
gene:HSA-MIR-6813-3P
gene:HSA-MIR-6815-3P
gene:HSA-MIR-6815-3P
gene:HSA-MIR-6816-3P
gene:HSA-MIR-6817-3P
gene:HSA-MIR-6818-3P
gene:HSA-MIR-6818-3P
gene:HSA-MIR-6819-3P
gene:HSA-MIR-6820-3P
gene:HSA-MIR-6820-3P
gene:HSA-MIR-6821-3P
gene:HSA-MIR-6821-3P
gene:HSA-MIR-6822-3P
gene:HSA-MIR-6823-3P
gene:HSA-MIR-6824-3P
gene:HSA-MIR-6825-3P
gene:HSA-MIR-6825-3P
gene:HSA-MIR-6826-3P
gene:HSA-MIR-6826-3P
gene:HSA-MIR-6827-3P
gene:HSA-MIR-6827-3P
gene:HSA-MIR-6828-3P
gene:HSA-MIR-6828-3P
gene:HSA-MIR-6829-3P
gene:HSA-MIR-6829-3P
gene:HSA-MIR-6830-3P
gene:HSA-MIR-6830-3P
gene:HSA-MIR-6831-3P
gene:HSA-MIR-6831-3P
gene:HSA-MIR-6832-3P
gene:HSA-MIR-6832-3P
gene:HSA-MIR-6833-3P
gene:HSA-MIR-6834-3P
gene:HSA-MIR-6834-3P
gene:HSA-MIR-6836-3P
gene:HSA-MIR-6836-3P
gene:HSA-MIR-6837-3P
gene:HSA-MIR-6837-3P
gene:HSA-MIR-6838-3P
gene:HSA-MIR-6838-3P
gene:HSA-MIR-6839-3P
gene:HSA-MIR-6840-3P
gene:HSA-MIR-6840-3P
gene:HSA-MIR-6841-3P
gene:HSA-MIR-6841-3P
gene:HSA-MIR-6842-3P
gene:HSA-MIR-6842-3P
gene:HSA-MIR-6843-3P
gene:MIR6844
gene:HSA-MIR-6845-3P
gene:HSA-MIR-6845-3P
gene:HSA-MIR-6847-3P
gene:HSA-MIR-6848-3P
gene:HSA-MIR-6848-3P
gene:HSA-MIR-6849-3P
gene:HSA-MIR-6850-3P
gene:HSA-MIR-6851-3P
gene:HSA-MIR-6851-3P
gene:HSA-MIR-6852-3P
gene:HSA-MIR-6852-3P
gene:HSA-MIR-6853-3P
gene:HSA-MIR-6854-3P
gene:HSA-MIR-6854-3P
gene:HSA-MIR-6855-3P
gene:HSA-MIR-6855-3P
gene:HSA-MIR-6856-3P
gene:HSA-MIR-6857-3P
gene:HSA-MIR-6858-3P
gene:HSA-MIR-6858-3P
gene:MIR6860
gene:HSA-MIR-6861-3P
gene:HSA-MIR-6861-3P
gene:HSA-MIR-6864-3P
gene:HSA-MIR-6865-3P
gene:HSA-MIR-6865-3P
gene:HSA-MIR-6866-3P
gene:HSA-MIR-6866-3P
gene:HSA-MIR-6867-3P
gene:HSA-MIR-6867-3P
gene:HSA-MIR-6868-3P
gene:HSA-MIR-6868-3P
gene:HSA-MIR-6869-3P
gene:HSA-MIR-6871-3P
gene:HSA-MIR-6871-3P
gene:HSA-MIR-6872-3P
gene:HSA-MIR-6872-3P
gene:HSA-MIR-6873-3P
gene:HSA-MIR-6874-3P
gene:HSA-MIR-6874-3P
gene:HSA-MIR-6875-3P
gene:HSA-MIR-6875-3P
gene:HSA-MIR-6876-3P
gene:HSA-MIR-6876-3P
gene:HSA-MIR-6877-3P
gene:HSA-MIR-6877-3P
gene:HSA-MIR-6878-3P
gene:HSA-MIR-6878-3P
gene:HSA-MIR-6879-3P
gene:HSA-MIR-6880-3P
gene:HSA-MIR-6881-3P
gene:HSA-MIR-6881-3P
gene:HSA-MIR-6882-3P
gene:HSA-MIR-6882-3P
gene:HSA-MIR-6883-3P
gene:HSA-MIR-6884-3P
gene:HSA-MIR-6884-3P
gene:HSA-MIR-6885-3P
gene:HSA-MIR-6885-3P
gene:HSA-MIR-6886-3P
gene:HSA-MIR-6886-3P
gene:HSA-MIR-6887-3P
gene:HSA-MIR-6888-3P
gene:HSA-MIR-6889-3P
gene:HSA-MIR-6889-3P
gene:HSA-MIR-6890-3P
gene:HSA-MIR-6890-3P
gene:HSA-MIR-6891-3P
gene:HSA-MIR-6892-3P
gene:HSA-MIR-6892-3P
gene:HSA-MIR-6894-3P
gene:HSA-MIR-6894-3P
gene:HSA-MIR-6895-3P
gene:HSA-MIR-6895-3P
gene:HSA-MIR-708-3P
gene:HSA-MIR-708-3P
gene:HSA-MIR-7106-3P
gene:HSA-MIR-7106-3P
gene:HSA-MIR-7107-3P
gene:HSA-MIR-7107-3P
gene:HSA-MIR-7108-3P
gene:HSA-MIR-7109-3P
gene:HSA-MIR-7109-3P
gene:HSA-MIR-7110-3P
gene:HSA-MIR-7110-3P
gene:HSA-MIR-7111-3P
gene:HSA-MIR-7111-3P
gene:HSA-MIR-7113-3P
gene:HSA-MIR-7113-3P
gene:HSA-MIR-7114-3P
gene:HSA-MIR-7114-3P
gene:HSA-MIR-7-1-3P
gene:HSA-MIR-7151-3P
gene:HSA-MIR-7151-3P
gene:HSA-MIR-7152-3P
gene:HSA-MIR-7152-3P
gene:HSA-MIR-7155-3P
gene:HSA-MIR-7155-3P
gene:HSA-MIR-7156-3P
gene:HSA-MIR-7156-3P
gene:HSA-MIR-7157-3P
gene:HSA-MIR-7157-3P
gene:HSA-MIR-7158-3P
gene:HSA-MIR-7158-3P
gene:HSA-MIR-7160-3P
gene:HSA-MIR-7-2-3P
gene:HSA-MIR-744-3P
gene:HSA-MIR-744-3P
gene:HSA-MIR-758-3P
gene:HSA-MIR-758-3P
gene:MIR760
gene:MIR762
gene:MIR765
gene:HSA-MIR-766-3P
gene:HSA-MIR-766-3P
gene:HSA-MIR-767-3P
gene:HSA-MIR-767-3P
gene:HSA-MIR-769-3P
gene:HSA-MIR-769-3P
gene:MIR7702
gene:MIR7703
gene:MIR7704
gene:MIR7705
gene:HSA-MIR-770-3P
gene:MIR7706
gene:HSA-MIR-7843-3P
gene:HSA-MIR-7843-3P
gene:HSA-MIR-7845-3P
gene:HSA-MIR-7846-3P
gene:HSA-MIR-7847-3P
gene:HSA-MIR-7849-3P
gene:HSA-MIR-7851-3P
gene:HSA-MIR-7853-3P
gene:HSA-MIR-7854-3P
gene:HSA-MIR-7855-3P
gene:MIR7974
gene:MIR7975
gene:MIR7976
gene:MIR7978
gene:MIR802
gene:MIR8059
gene:HSA-MIR-873-3P
gene:HSA-MIR-873-3P
gene:HSA-MIR-874-3P
gene:HSA-MIR-874-3P
gene:HSA-MIR-875-3P
gene:HSA-MIR-876-3P
gene:HSA-MIR-876-3P
gene:HSA-MIR-877-3P
gene:HSA-MIR-877-3P
gene:HSA-MIR-885-3P
gene:HSA-MIR-885-3P
gene:HSA-MIR-887-3P
gene:HSA-MIR-887-3P
gene:HSA-MIR-888-3P
gene:HSA-MIR-888-3P
gene:HSA-MIR-889-3P
gene:HSA-MIR-889-3P
gene:MIR890
gene:HSA-MIR-891A-3P
gene:HSA-MIR-891A-3P
gene:MIR891B
gene:MIR892A
gene:MIR892B
gene:HSA-MIR-892C-3P
gene:HSA-MIR-892C-3P
gene:MIR921
gene:MIR922
gene:HSA-MIR-92A-1-3P
gene:HSA-MIR-92B-3P
gene:HSA-MIR-92B-3P
gene:MIR933
gene:HSA-MIR-93-3P
gene:MIR935
gene:HSA-MIR-93-3P
gene:HSA-MIR-937-3P
gene:HSA-MIR-937-3P
gene:HSA-MIR-939-3P
gene:HSA-MIR-939-3P
gene:MIR940
gene:HSA-MIR-942-3P
gene:HSA-MIR-942-3P
gene:MIR943
gene:MIR944
gene:HSA-MIR-95-3P
gene:HSA-MIR-95-3P
gene:HSA-MIR-96-3P
gene:HSA-MIR-98-3P
gene:HSA-MIR-98-3P
gene:HSA-MIR-99A-3P
gene:HSA-MIR-99A-3P
gene:HSA-MIR-99B-3P
gene:HSA-MIR-99B-3P
